c:\users\sansk\source\repos\sdl4droid\sdl2\arm\release\cpu-features.o
c:\users\sansk\source\repos\sdl4droid\sdl2\arm\release\sdl_atomic.o
c:\users\sansk\source\repos\sdl4droid\sdl2\arm\release\sdl_spinlock.o
c:\users\sansk\source\repos\sdl4droid\sdl2\arm\release\sdl_aaudio.o
c:\users\sansk\source\repos\sdl4droid\sdl2\arm\release\sdl_androidaudio.o
c:\users\sansk\source\repos\sdl4droid\sdl2\arm\release\sdl_dummyaudio.o
c:\users\sansk\source\repos\sdl4droid\sdl2\arm\release\sdl_opensles.o
c:\users\sansk\source\repos\sdl4droid\sdl2\arm\release\sdl_audio.o
c:\users\sansk\source\repos\sdl4droid\sdl2\arm\release\sdl_audiocvt.o
c:\users\sansk\source\repos\sdl4droid\sdl2\arm\release\sdl_audiodev.o
c:\users\sansk\source\repos\sdl4droid\sdl2\arm\release\sdl_audiotypecvt.o
c:\users\sansk\source\repos\sdl4droid\sdl2\arm\release\sdl_mixer.o
c:\users\sansk\source\repos\sdl4droid\sdl2\arm\release\sdl_wave.o
c:\users\sansk\source\repos\sdl4droid\sdl2\arm\release\sdl_android.o
c:\users\sansk\source\repos\sdl4droid\sdl2\arm\release\sdl_cpuinfo.o
c:\users\sansk\source\repos\sdl4droid\sdl2\arm\release\sdl_dynapi.o
c:\users\sansk\source\repos\sdl4droid\sdl2\arm\release\imkstoucs.o
c:\users\sansk\source\repos\sdl4droid\sdl2\arm\release\sdl_clipboardevents.o
c:\users\sansk\source\repos\sdl4droid\sdl2\arm\release\sdl_displayevents.o
c:\users\sansk\source\repos\sdl4droid\sdl2\arm\release\sdl_dropevents.o
c:\users\sansk\source\repos\sdl4droid\sdl2\arm\release\sdl_events.o
c:\users\sansk\source\repos\sdl4droid\sdl2\arm\release\sdl_gesture.o
c:\users\sansk\source\repos\sdl4droid\sdl2\arm\release\sdl_keyboard.o
c:\users\sansk\source\repos\sdl4droid\sdl2\arm\release\sdl_keysym_to_scancode.o
c:\users\sansk\source\repos\sdl4droid\sdl2\arm\release\sdl_mouse.o
c:\users\sansk\source\repos\sdl4droid\sdl2\arm\release\sdl_quit.o
c:\users\sansk\source\repos\sdl4droid\sdl2\arm\release\sdl_scancode_tables.o
c:\users\sansk\source\repos\sdl4droid\sdl2\arm\release\sdl_touch.o
c:\users\sansk\source\repos\sdl4droid\sdl2\arm\release\sdl_windowevents.o
c:\users\sansk\source\repos\sdl4droid\sdl2\arm\release\sdl_sysfilesystem.o
c:\users\sansk\source\repos\sdl4droid\sdl2\arm\release\sdl_rwops.o
c:\users\sansk\source\repos\sdl4droid\sdl2\arm\release\sdl_syshaptic.o
c:\users\sansk\source\repos\sdl4droid\sdl2\arm\release\sdl_haptic.o
c:\users\sansk\source\repos\sdl4droid\sdl2\arm\release\hid.o
c:\users\sansk\source\repos\sdl4droid\sdl2\arm\release\sdl_hidapi.o
c:\users\sansk\source\repos\sdl4droid\sdl2\arm\release\sdl_sysjoystick.o
c:\users\sansk\source\repos\sdl4droid\sdl2\arm\release\controller_type.o
c:\users\sansk\source\repos\sdl4droid\sdl2\arm\release\sdl_hidapijoystick.o
c:\users\sansk\source\repos\sdl4droid\sdl2\arm\release\sdl_hidapi_combined.o
c:\users\sansk\source\repos\sdl4droid\sdl2\arm\release\sdl_hidapi_gamecube.o
c:\users\sansk\source\repos\sdl4droid\sdl2\arm\release\sdl_hidapi_luna.o
c:\users\sansk\source\repos\sdl4droid\sdl2\arm\release\sdl_hidapi_ps3.o
c:\users\sansk\source\repos\sdl4droid\sdl2\arm\release\sdl_hidapi_ps4.o
c:\users\sansk\source\repos\sdl4droid\sdl2\arm\release\sdl_hidapi_ps5.o
c:\users\sansk\source\repos\sdl4droid\sdl2\arm\release\sdl_hidapi_rumble.o
c:\users\sansk\source\repos\sdl4droid\sdl2\arm\release\sdl_hidapi_shield.o
c:\users\sansk\source\repos\sdl4droid\sdl2\arm\release\sdl_hidapi_stadia.o
c:\users\sansk\source\repos\sdl4droid\sdl2\arm\release\sdl_hidapi_steam.o
c:\users\sansk\source\repos\sdl4droid\sdl2\arm\release\sdl_hidapi_switch.o
c:\users\sansk\source\repos\sdl4droid\sdl2\arm\release\sdl_hidapi_wii.o
c:\users\sansk\source\repos\sdl4droid\sdl2\arm\release\sdl_hidapi_xbox360.o
c:\users\sansk\source\repos\sdl4droid\sdl2\arm\release\sdl_hidapi_xbox360w.o
c:\users\sansk\source\repos\sdl4droid\sdl2\arm\release\sdl_hidapi_xboxone.o
c:\users\sansk\source\repos\sdl4droid\sdl2\arm\release\sdl_gamecontroller.o
c:\users\sansk\source\repos\sdl4droid\sdl2\arm\release\sdl_joystick.o
c:\users\sansk\source\repos\sdl4droid\sdl2\arm\release\sdl_virtualjoystick.o
c:\users\sansk\source\repos\sdl4droid\sdl2\arm\release\sdl_sysloadso.o
c:\users\sansk\source\repos\sdl4droid\sdl2\arm\release\sdl_syslocale.o
c:\users\sansk\source\repos\sdl4droid\sdl2\arm\release\sdl_locale.o
c:\users\sansk\source\repos\sdl4droid\sdl2\arm\release\sdl_sysurl.o
c:\users\sansk\source\repos\sdl4droid\sdl2\arm\release\sdl_url.o
c:\users\sansk\source\repos\sdl4droid\sdl2\arm\release\sdl_syspower.o
c:\users\sansk\source\repos\sdl4droid\sdl2\arm\release\sdl_power.o
c:\users\sansk\source\repos\sdl4droid\sdl2\arm\release\sdl_render_d3d11.o
c:\users\sansk\source\repos\sdl4droid\sdl2\arm\release\sdl_render_winrt.o
c:\users\sansk\source\repos\sdl4droid\sdl2\arm\release\sdl_shaders_d3d11.o
c:\users\sansk\source\repos\sdl4droid\sdl2\arm\release\sdl_render_d3d12.o
c:\users\sansk\source\repos\sdl4droid\sdl2\arm\release\sdl_render_d3d12_xbox.o
c:\users\sansk\source\repos\sdl4droid\sdl2\arm\release\sdl_shaders_d3d12.o
c:\users\sansk\source\repos\sdl4droid\sdl2\arm\release\sdl_shaders_d3d12_xboxone.o
c:\users\sansk\source\repos\sdl4droid\sdl2\arm\release\sdl_shaders_d3d12_xboxseries.o
c:\users\sansk\source\repos\sdl4droid\sdl2\arm\release\sdl_render_d3d.o
c:\users\sansk\source\repos\sdl4droid\sdl2\arm\release\sdl_shaders_d3d.o
c:\users\sansk\source\repos\sdl4droid\sdl2\arm\release\sdl_render_gles2.o
c:\users\sansk\source\repos\sdl4droid\sdl2\arm\release\sdl_shaders_gles2.o
c:\users\sansk\source\repos\sdl4droid\sdl2\arm\release\sdl_render_gles.o
c:\users\sansk\source\repos\sdl4droid\sdl2\arm\release\sdl_render_gl.o
c:\users\sansk\source\repos\sdl4droid\sdl2\arm\release\sdl_shaders_gl.o
c:\users\sansk\source\repos\sdl4droid\sdl2\arm\release\sdl_render_ps2.o
c:\users\sansk\source\repos\sdl4droid\sdl2\arm\release\sdl_render_psp.o
c:\users\sansk\source\repos\sdl4droid\sdl2\arm\release\sdl_d3dmath.o
c:\users\sansk\source\repos\sdl4droid\sdl2\arm\release\sdl_render.o
c:\users\sansk\source\repos\sdl4droid\sdl2\arm\release\sdl_yuv_sw.o
c:\users\sansk\source\repos\sdl4droid\sdl2\arm\release\sdl_blendfillrect.o
c:\users\sansk\source\repos\sdl4droid\sdl2\arm\release\sdl_blendline.o
c:\users\sansk\source\repos\sdl4droid\sdl2\arm\release\sdl_blendpoint.o
c:\users\sansk\source\repos\sdl4droid\sdl2\arm\release\sdl_drawline.o
c:\users\sansk\source\repos\sdl4droid\sdl2\arm\release\sdl_drawpoint.o
c:\users\sansk\source\repos\sdl4droid\sdl2\arm\release\sdl_render_sw.o
c:\users\sansk\source\repos\sdl4droid\sdl2\arm\release\sdl_rotate.o
c:\users\sansk\source\repos\sdl4droid\sdl2\arm\release\sdl_triangle.o
c:\users\sansk\source\repos\sdl4droid\sdl2\arm\release\sdl_render_vita_gxm.o
c:\users\sansk\source\repos\sdl4droid\sdl2\arm\release\sdl_render_vita_gxm_memory.o
c:\users\sansk\source\repos\sdl4droid\sdl2\arm\release\sdl_render_vita_gxm_tools.o
c:\users\sansk\source\repos\sdl4droid\sdl2\arm\release\sdl.o
c:\users\sansk\source\repos\sdl4droid\sdl2\arm\release\sdl_assert.o
c:\users\sansk\source\repos\sdl4droid\sdl2\arm\release\sdl_dataqueue.o
c:\users\sansk\source\repos\sdl4droid\sdl2\arm\release\sdl_error.o
c:\users\sansk\source\repos\sdl4droid\sdl2\arm\release\sdl_guid.o
c:\users\sansk\source\repos\sdl4droid\sdl2\arm\release\sdl_hints.o
c:\users\sansk\source\repos\sdl4droid\sdl2\arm\release\sdl_list.o
c:\users\sansk\source\repos\sdl4droid\sdl2\arm\release\sdl_log.o
c:\users\sansk\source\repos\sdl4droid\sdl2\arm\release\sdl_utils.o
c:\users\sansk\source\repos\sdl4droid\sdl2\arm\release\sdl_androidsensor.o
c:\users\sansk\source\repos\sdl4droid\sdl2\arm\release\sdl_sensor.o
c:\users\sansk\source\repos\sdl4droid\sdl2\arm\release\sdl_crc16.o
c:\users\sansk\source\repos\sdl4droid\sdl2\arm\release\sdl_crc32.o
c:\users\sansk\source\repos\sdl4droid\sdl2\arm\release\sdl_getenv.o
c:\users\sansk\source\repos\sdl4droid\sdl2\arm\release\sdl_iconv.o
c:\users\sansk\source\repos\sdl4droid\sdl2\arm\release\sdl_malloc.o
c:\users\sansk\source\repos\sdl4droid\sdl2\arm\release\sdl_mslibc.o
c:\users\sansk\source\repos\sdl4droid\sdl2\arm\release\sdl_qsort.o
c:\users\sansk\source\repos\sdl4droid\sdl2\arm\release\sdl_stdlib.o
c:\users\sansk\source\repos\sdl4droid\sdl2\arm\release\sdl_string.o
c:\users\sansk\source\repos\sdl4droid\sdl2\arm\release\sdl_strtokr.o
c:\users\sansk\source\repos\sdl4droid\sdl2\arm\release\sdl_test_assert.o
c:\users\sansk\source\repos\sdl4droid\sdl2\arm\release\sdl_test_common.o
c:\users\sansk\source\repos\sdl4droid\sdl2\arm\release\sdl_test_compare.o
c:\users\sansk\source\repos\sdl4droid\sdl2\arm\release\sdl_test_crc32.o
c:\users\sansk\source\repos\sdl4droid\sdl2\arm\release\sdl_test_font.o
c:\users\sansk\source\repos\sdl4droid\sdl2\arm\release\sdl_test_fuzzer.o
c:\users\sansk\source\repos\sdl4droid\sdl2\arm\release\sdl_test_harness.o
c:\users\sansk\source\repos\sdl4droid\sdl2\arm\release\sdl_test_imageblit.o
c:\users\sansk\source\repos\sdl4droid\sdl2\arm\release\sdl_test_imageblitblend.o
c:\users\sansk\source\repos\sdl4droid\sdl2\arm\release\sdl_test_imageface.o
c:\users\sansk\source\repos\sdl4droid\sdl2\arm\release\sdl_test_imageprimitives.o
c:\users\sansk\source\repos\sdl4droid\sdl2\arm\release\sdl_test_imageprimitivesblend.o
c:\users\sansk\source\repos\sdl4droid\sdl2\arm\release\sdl_test_log.o
c:\users\sansk\source\repos\sdl4droid\sdl2\arm\release\sdl_test_md5.o
c:\users\sansk\source\repos\sdl4droid\sdl2\arm\release\sdl_test_memory.o
c:\users\sansk\source\repos\sdl4droid\sdl2\arm\release\sdl_test_random.o
c:\users\sansk\source\repos\sdl4droid\sdl2\arm\release\sdl_syscond.o
c:\users\sansk\source\repos\sdl4droid\sdl2\arm\release\sdl_sysmutex.o
c:\users\sansk\source\repos\sdl4droid\sdl2\arm\release\sdl_syssem.o
c:\users\sansk\source\repos\sdl4droid\sdl2\arm\release\sdl_systhread.o
c:\users\sansk\source\repos\sdl4droid\sdl2\arm\release\sdl_systls.o
c:\users\sansk\source\repos\sdl4droid\sdl2\arm\release\sdl_thread.o
c:\users\sansk\source\repos\sdl4droid\sdl2\arm\release\sdl_timer.o
c:\users\sansk\source\repos\sdl4droid\sdl2\arm\release\sdl_systimer.o
c:\users\sansk\source\repos\sdl4droid\sdl2\arm\release\sdl_androidclipboard.o
c:\users\sansk\source\repos\sdl4droid\sdl2\arm\release\sdl_androidevents.o
c:\users\sansk\source\repos\sdl4droid\sdl2\arm\release\sdl_androidgl.o
c:\users\sansk\source\repos\sdl4droid\sdl2\arm\release\sdl_androidkeyboard.o
c:\users\sansk\source\repos\sdl4droid\sdl2\arm\release\sdl_androidmessagebox.o
c:\users\sansk\source\repos\sdl4droid\sdl2\arm\release\sdl_androidmouse.o
c:\users\sansk\source\repos\sdl4droid\sdl2\arm\release\sdl_androidtouch.o
c:\users\sansk\source\repos\sdl4droid\sdl2\arm\release\sdl_androidvideo.o
c:\users\sansk\source\repos\sdl4droid\sdl2\arm\release\sdl_androidvulkan.o
c:\users\sansk\source\repos\sdl4droid\sdl2\arm\release\sdl_androidwindow.o
c:\users\sansk\source\repos\sdl4droid\sdl2\arm\release\sdl_blit.o
c:\users\sansk\source\repos\sdl4droid\sdl2\arm\release\sdl_blit_0.o
c:\users\sansk\source\repos\sdl4droid\sdl2\arm\release\sdl_blit_1.o
c:\users\sansk\source\repos\sdl4droid\sdl2\arm\release\sdl_blit_a.o
c:\users\sansk\source\repos\sdl4droid\sdl2\arm\release\sdl_blit_auto.o
c:\users\sansk\source\repos\sdl4droid\sdl2\arm\release\sdl_blit_copy.o
c:\users\sansk\source\repos\sdl4droid\sdl2\arm\release\sdl_blit_n.o
c:\users\sansk\source\repos\sdl4droid\sdl2\arm\release\sdl_blit_slow.o
c:\users\sansk\source\repos\sdl4droid\sdl2\arm\release\sdl_bmp.o
c:\users\sansk\source\repos\sdl4droid\sdl2\arm\release\sdl_clipboard.o
c:\users\sansk\source\repos\sdl4droid\sdl2\arm\release\sdl_egl.o
c:\users\sansk\source\repos\sdl4droid\sdl2\arm\release\sdl_fillrect.o
c:\users\sansk\source\repos\sdl4droid\sdl2\arm\release\sdl_pixels.o
c:\users\sansk\source\repos\sdl4droid\sdl2\arm\release\sdl_rect.o
c:\users\sansk\source\repos\sdl4droid\sdl2\arm\release\sdl_rleaccel.o
c:\users\sansk\source\repos\sdl4droid\sdl2\arm\release\sdl_shape.o
c:\users\sansk\source\repos\sdl4droid\sdl2\arm\release\sdl_stretch.o
c:\users\sansk\source\repos\sdl4droid\sdl2\arm\release\sdl_surface.o
c:\users\sansk\source\repos\sdl4droid\sdl2\arm\release\sdl_video.o
c:\users\sansk\source\repos\sdl4droid\sdl2\arm\release\sdl_vulkan_utils.o
c:\users\sansk\source\repos\sdl4droid\sdl2\arm\release\sdl_yuv.o
c:\users\sansk\source\repos\sdl4droid\sdl2\arm\release\yuv_rgb.o
c:\users\sansk\source\repos\sdl4droid\sdl2\arm\release\libsdl2.so
c:\users\sansk\source\repos\sdl4droid\arm\release\libsdl2.so.recipe
c:\users\sansk\source\repos\sdl4droid\arm\release\libsdl2.so
c:\users\sansk\source\repos\sdl4droid\sdl2\arm\release\sdl2.tlog\cl.items.tlog
c:\users\sansk\source\repos\sdl4droid\sdl2\arm\release\sdl2.tlog\clang.command.1.tlog
c:\users\sansk\source\repos\sdl4droid\sdl2\arm\release\sdl2.tlog\microsoft.build.cpptasks.clangcompile.read.1.tlog
c:\users\sansk\source\repos\sdl4droid\sdl2\arm\release\sdl2.tlog\microsoft.build.cpptasks.clangcompile.write.1.tlog
c:\users\sansk\source\repos\sdl4droid\sdl2\arm\release\sdl2.tlog\microsoft.build.cpptasks.clanglink.read.1.tlog
c:\users\sansk\source\repos\sdl4droid\sdl2\arm\release\sdl2.tlog\microsoft.build.cpptasks.clanglink.write.1.tlog
c:\users\sansk\source\repos\sdl4droid\sdl2\arm\release\sdl2.tlog\sdl2.write.1u.tlog
