c:\users\sansk\source\repos\sdl4droid\sdl2\arm64\debug\cpu-features.o
c:\users\sansk\source\repos\sdl4droid\sdl2\arm64\debug\sdl_atomic.o
c:\users\sansk\source\repos\sdl4droid\sdl2\arm64\debug\sdl_spinlock.o
c:\users\sansk\source\repos\sdl4droid\sdl2\arm64\debug\sdl_aaudio.o
c:\users\sansk\source\repos\sdl4droid\sdl2\arm64\debug\sdl_androidaudio.o
c:\users\sansk\source\repos\sdl4droid\sdl2\arm64\debug\sdl_dummyaudio.o
c:\users\sansk\source\repos\sdl4droid\sdl2\arm64\debug\sdl_opensles.o
c:\users\sansk\source\repos\sdl4droid\sdl2\arm64\debug\sdl_audio.o
c:\users\sansk\source\repos\sdl4droid\sdl2\arm64\debug\sdl_audiocvt.o
c:\users\sansk\source\repos\sdl4droid\sdl2\arm64\debug\sdl_audiodev.o
c:\users\sansk\source\repos\sdl4droid\sdl2\arm64\debug\sdl_audiotypecvt.o
c:\users\sansk\source\repos\sdl4droid\sdl2\arm64\debug\sdl_mixer.o
c:\users\sansk\source\repos\sdl4droid\sdl2\arm64\debug\sdl_wave.o
c:\users\sansk\source\repos\sdl4droid\sdl2\arm64\debug\sdl_android.o
c:\users\sansk\source\repos\sdl4droid\sdl2\arm64\debug\sdl_cpuinfo.o
c:\users\sansk\source\repos\sdl4droid\sdl2\arm64\debug\sdl_dynapi.o
c:\users\sansk\source\repos\sdl4droid\sdl2\arm64\debug\imkstoucs.o
c:\users\sansk\source\repos\sdl4droid\sdl2\arm64\debug\sdl_clipboardevents.o
c:\users\sansk\source\repos\sdl4droid\sdl2\arm64\debug\sdl_displayevents.o
c:\users\sansk\source\repos\sdl4droid\sdl2\arm64\debug\sdl_dropevents.o
c:\users\sansk\source\repos\sdl4droid\sdl2\arm64\debug\sdl_events.o
c:\users\sansk\source\repos\sdl4droid\sdl2\arm64\debug\sdl_gesture.o
c:\users\sansk\source\repos\sdl4droid\sdl2\arm64\debug\sdl_keyboard.o
c:\users\sansk\source\repos\sdl4droid\sdl2\arm64\debug\sdl_keysym_to_scancode.o
c:\users\sansk\source\repos\sdl4droid\sdl2\arm64\debug\sdl_mouse.o
c:\users\sansk\source\repos\sdl4droid\sdl2\arm64\debug\sdl_quit.o
c:\users\sansk\source\repos\sdl4droid\sdl2\arm64\debug\sdl_scancode_tables.o
c:\users\sansk\source\repos\sdl4droid\sdl2\arm64\debug\sdl_touch.o
c:\users\sansk\source\repos\sdl4droid\sdl2\arm64\debug\sdl_windowevents.o
c:\users\sansk\source\repos\sdl4droid\sdl2\arm64\debug\sdl_sysfilesystem.o
c:\users\sansk\source\repos\sdl4droid\sdl2\arm64\debug\sdl_rwops.o
c:\users\sansk\source\repos\sdl4droid\sdl2\arm64\debug\sdl_syshaptic.o
c:\users\sansk\source\repos\sdl4droid\sdl2\arm64\debug\sdl_haptic.o
c:\users\sansk\source\repos\sdl4droid\sdl2\arm64\debug\hid.o
c:\users\sansk\source\repos\sdl4droid\sdl2\arm64\debug\sdl_hidapi.o
c:\users\sansk\source\repos\sdl4droid\sdl2\arm64\debug\sdl_sysjoystick.o
c:\users\sansk\source\repos\sdl4droid\sdl2\arm64\debug\controller_type.o
c:\users\sansk\source\repos\sdl4droid\sdl2\arm64\debug\sdl_hidapijoystick.o
c:\users\sansk\source\repos\sdl4droid\sdl2\arm64\debug\sdl_hidapi_combined.o
c:\users\sansk\source\repos\sdl4droid\sdl2\arm64\debug\sdl_hidapi_gamecube.o
c:\users\sansk\source\repos\sdl4droid\sdl2\arm64\debug\sdl_hidapi_luna.o
c:\users\sansk\source\repos\sdl4droid\sdl2\arm64\debug\sdl_hidapi_ps3.o
c:\users\sansk\source\repos\sdl4droid\sdl2\arm64\debug\sdl_hidapi_ps4.o
c:\users\sansk\source\repos\sdl4droid\sdl2\arm64\debug\sdl_hidapi_ps5.o
c:\users\sansk\source\repos\sdl4droid\sdl2\arm64\debug\sdl_hidapi_rumble.o
c:\users\sansk\source\repos\sdl4droid\sdl2\arm64\debug\sdl_hidapi_shield.o
c:\users\sansk\source\repos\sdl4droid\sdl2\arm64\debug\sdl_hidapi_stadia.o
c:\users\sansk\source\repos\sdl4droid\sdl2\arm64\debug\sdl_hidapi_steam.o
c:\users\sansk\source\repos\sdl4droid\sdl2\arm64\debug\sdl_hidapi_switch.o
c:\users\sansk\source\repos\sdl4droid\sdl2\arm64\debug\sdl_hidapi_wii.o
c:\users\sansk\source\repos\sdl4droid\sdl2\arm64\debug\sdl_hidapi_xbox360.o
c:\users\sansk\source\repos\sdl4droid\sdl2\arm64\debug\sdl_hidapi_xbox360w.o
c:\users\sansk\source\repos\sdl4droid\sdl2\arm64\debug\sdl_hidapi_xboxone.o
c:\users\sansk\source\repos\sdl4droid\sdl2\arm64\debug\sdl_gamecontroller.o
c:\users\sansk\source\repos\sdl4droid\sdl2\arm64\debug\sdl_joystick.o
c:\users\sansk\source\repos\sdl4droid\sdl2\arm64\debug\sdl_virtualjoystick.o
c:\users\sansk\source\repos\sdl4droid\sdl2\arm64\debug\sdl_sysloadso.o
c:\users\sansk\source\repos\sdl4droid\sdl2\arm64\debug\sdl_syslocale.o
c:\users\sansk\source\repos\sdl4droid\sdl2\arm64\debug\sdl_locale.o
c:\users\sansk\source\repos\sdl4droid\sdl2\arm64\debug\sdl_sysurl.o
c:\users\sansk\source\repos\sdl4droid\sdl2\arm64\debug\sdl_url.o
c:\users\sansk\source\repos\sdl4droid\sdl2\arm64\debug\sdl_syspower.o
c:\users\sansk\source\repos\sdl4droid\sdl2\arm64\debug\sdl_power.o
c:\users\sansk\source\repos\sdl4droid\sdl2\arm64\debug\sdl_render_d3d11.o
c:\users\sansk\source\repos\sdl4droid\sdl2\arm64\debug\sdl_render_winrt.o
c:\users\sansk\source\repos\sdl4droid\sdl2\arm64\debug\sdl_shaders_d3d11.o
c:\users\sansk\source\repos\sdl4droid\sdl2\arm64\debug\sdl_render_d3d12.o
c:\users\sansk\source\repos\sdl4droid\sdl2\arm64\debug\sdl_render_d3d12_xbox.o
c:\users\sansk\source\repos\sdl4droid\sdl2\arm64\debug\sdl_shaders_d3d12.o
c:\users\sansk\source\repos\sdl4droid\sdl2\arm64\debug\sdl_shaders_d3d12_xboxone.o
c:\users\sansk\source\repos\sdl4droid\sdl2\arm64\debug\sdl_shaders_d3d12_xboxseries.o
c:\users\sansk\source\repos\sdl4droid\sdl2\arm64\debug\sdl_render_d3d.o
c:\users\sansk\source\repos\sdl4droid\sdl2\arm64\debug\sdl_shaders_d3d.o
c:\users\sansk\source\repos\sdl4droid\sdl2\arm64\debug\sdl_render_gles2.o
c:\users\sansk\source\repos\sdl4droid\sdl2\arm64\debug\sdl_shaders_gles2.o
c:\users\sansk\source\repos\sdl4droid\sdl2\arm64\debug\sdl_render_gles.o
c:\users\sansk\source\repos\sdl4droid\sdl2\arm64\debug\sdl_render_gl.o
c:\users\sansk\source\repos\sdl4droid\sdl2\arm64\debug\sdl_shaders_gl.o
c:\users\sansk\source\repos\sdl4droid\sdl2\arm64\debug\sdl_render_ps2.o
c:\users\sansk\source\repos\sdl4droid\sdl2\arm64\debug\sdl_render_psp.o
c:\users\sansk\source\repos\sdl4droid\sdl2\arm64\debug\sdl_d3dmath.o
c:\users\sansk\source\repos\sdl4droid\sdl2\arm64\debug\sdl_render.o
c:\users\sansk\source\repos\sdl4droid\sdl2\arm64\debug\sdl_yuv_sw.o
c:\users\sansk\source\repos\sdl4droid\sdl2\arm64\debug\sdl_blendfillrect.o
c:\users\sansk\source\repos\sdl4droid\sdl2\arm64\debug\sdl_blendline.o
c:\users\sansk\source\repos\sdl4droid\sdl2\arm64\debug\sdl_blendpoint.o
c:\users\sansk\source\repos\sdl4droid\sdl2\arm64\debug\sdl_drawline.o
c:\users\sansk\source\repos\sdl4droid\sdl2\arm64\debug\sdl_drawpoint.o
c:\users\sansk\source\repos\sdl4droid\sdl2\arm64\debug\sdl_render_sw.o
c:\users\sansk\source\repos\sdl4droid\sdl2\arm64\debug\sdl_rotate.o
c:\users\sansk\source\repos\sdl4droid\sdl2\arm64\debug\sdl_triangle.o
c:\users\sansk\source\repos\sdl4droid\sdl2\arm64\debug\sdl_render_vita_gxm.o
c:\users\sansk\source\repos\sdl4droid\sdl2\arm64\debug\sdl_render_vita_gxm_memory.o
c:\users\sansk\source\repos\sdl4droid\sdl2\arm64\debug\sdl_render_vita_gxm_tools.o
c:\users\sansk\source\repos\sdl4droid\sdl2\arm64\debug\sdl.o
c:\users\sansk\source\repos\sdl4droid\sdl2\arm64\debug\sdl_assert.o
c:\users\sansk\source\repos\sdl4droid\sdl2\arm64\debug\sdl_dataqueue.o
c:\users\sansk\source\repos\sdl4droid\sdl2\arm64\debug\sdl_error.o
c:\users\sansk\source\repos\sdl4droid\sdl2\arm64\debug\sdl_guid.o
c:\users\sansk\source\repos\sdl4droid\sdl2\arm64\debug\sdl_hints.o
c:\users\sansk\source\repos\sdl4droid\sdl2\arm64\debug\sdl_list.o
c:\users\sansk\source\repos\sdl4droid\sdl2\arm64\debug\sdl_log.o
c:\users\sansk\source\repos\sdl4droid\sdl2\arm64\debug\sdl_utils.o
c:\users\sansk\source\repos\sdl4droid\sdl2\arm64\debug\sdl_androidsensor.o
c:\users\sansk\source\repos\sdl4droid\sdl2\arm64\debug\sdl_sensor.o
c:\users\sansk\source\repos\sdl4droid\sdl2\arm64\debug\sdl_crc16.o
c:\users\sansk\source\repos\sdl4droid\sdl2\arm64\debug\sdl_crc32.o
c:\users\sansk\source\repos\sdl4droid\sdl2\arm64\debug\sdl_getenv.o
c:\users\sansk\source\repos\sdl4droid\sdl2\arm64\debug\sdl_iconv.o
c:\users\sansk\source\repos\sdl4droid\sdl2\arm64\debug\sdl_malloc.o
c:\users\sansk\source\repos\sdl4droid\sdl2\arm64\debug\sdl_mslibc.o
c:\users\sansk\source\repos\sdl4droid\sdl2\arm64\debug\sdl_qsort.o
c:\users\sansk\source\repos\sdl4droid\sdl2\arm64\debug\sdl_stdlib.o
c:\users\sansk\source\repos\sdl4droid\sdl2\arm64\debug\sdl_string.o
c:\users\sansk\source\repos\sdl4droid\sdl2\arm64\debug\sdl_strtokr.o
c:\users\sansk\source\repos\sdl4droid\sdl2\arm64\debug\sdl_test_assert.o
c:\users\sansk\source\repos\sdl4droid\sdl2\arm64\debug\sdl_test_common.o
c:\users\sansk\source\repos\sdl4droid\sdl2\arm64\debug\sdl_test_compare.o
c:\users\sansk\source\repos\sdl4droid\sdl2\arm64\debug\sdl_test_crc32.o
c:\users\sansk\source\repos\sdl4droid\sdl2\arm64\debug\sdl_test_font.o
c:\users\sansk\source\repos\sdl4droid\sdl2\arm64\debug\sdl_test_fuzzer.o
c:\users\sansk\source\repos\sdl4droid\sdl2\arm64\debug\sdl_test_harness.o
c:\users\sansk\source\repos\sdl4droid\sdl2\arm64\debug\sdl_test_imageblit.o
c:\users\sansk\source\repos\sdl4droid\sdl2\arm64\debug\sdl_test_imageblitblend.o
c:\users\sansk\source\repos\sdl4droid\sdl2\arm64\debug\sdl_test_imageface.o
c:\users\sansk\source\repos\sdl4droid\sdl2\arm64\debug\sdl_test_imageprimitives.o
c:\users\sansk\source\repos\sdl4droid\sdl2\arm64\debug\sdl_test_imageprimitivesblend.o
c:\users\sansk\source\repos\sdl4droid\sdl2\arm64\debug\sdl_test_log.o
c:\users\sansk\source\repos\sdl4droid\sdl2\arm64\debug\sdl_test_md5.o
c:\users\sansk\source\repos\sdl4droid\sdl2\arm64\debug\sdl_test_memory.o
c:\users\sansk\source\repos\sdl4droid\sdl2\arm64\debug\sdl_test_random.o
c:\users\sansk\source\repos\sdl4droid\sdl2\arm64\debug\sdl_syscond.o
c:\users\sansk\source\repos\sdl4droid\sdl2\arm64\debug\sdl_sysmutex.o
c:\users\sansk\source\repos\sdl4droid\sdl2\arm64\debug\sdl_syssem.o
c:\users\sansk\source\repos\sdl4droid\sdl2\arm64\debug\sdl_systhread.o
c:\users\sansk\source\repos\sdl4droid\sdl2\arm64\debug\sdl_systls.o
c:\users\sansk\source\repos\sdl4droid\sdl2\arm64\debug\sdl_thread.o
c:\users\sansk\source\repos\sdl4droid\sdl2\arm64\debug\sdl_timer.o
c:\users\sansk\source\repos\sdl4droid\sdl2\arm64\debug\sdl_systimer.o
c:\users\sansk\source\repos\sdl4droid\sdl2\arm64\debug\sdl_androidclipboard.o
c:\users\sansk\source\repos\sdl4droid\sdl2\arm64\debug\sdl_androidevents.o
c:\users\sansk\source\repos\sdl4droid\sdl2\arm64\debug\sdl_androidgl.o
c:\users\sansk\source\repos\sdl4droid\sdl2\arm64\debug\sdl_androidkeyboard.o
c:\users\sansk\source\repos\sdl4droid\sdl2\arm64\debug\sdl_androidmessagebox.o
c:\users\sansk\source\repos\sdl4droid\sdl2\arm64\debug\sdl_androidmouse.o
c:\users\sansk\source\repos\sdl4droid\sdl2\arm64\debug\sdl_androidtouch.o
c:\users\sansk\source\repos\sdl4droid\sdl2\arm64\debug\sdl_androidvideo.o
c:\users\sansk\source\repos\sdl4droid\sdl2\arm64\debug\sdl_androidvulkan.o
c:\users\sansk\source\repos\sdl4droid\sdl2\arm64\debug\sdl_androidwindow.o
c:\users\sansk\source\repos\sdl4droid\sdl2\arm64\debug\sdl_blit.o
c:\users\sansk\source\repos\sdl4droid\sdl2\arm64\debug\sdl_blit_0.o
c:\users\sansk\source\repos\sdl4droid\sdl2\arm64\debug\sdl_blit_1.o
c:\users\sansk\source\repos\sdl4droid\sdl2\arm64\debug\sdl_blit_a.o
c:\users\sansk\source\repos\sdl4droid\sdl2\arm64\debug\sdl_blit_auto.o
c:\users\sansk\source\repos\sdl4droid\sdl2\arm64\debug\sdl_blit_copy.o
c:\users\sansk\source\repos\sdl4droid\sdl2\arm64\debug\sdl_blit_n.o
c:\users\sansk\source\repos\sdl4droid\sdl2\arm64\debug\sdl_blit_slow.o
c:\users\sansk\source\repos\sdl4droid\sdl2\arm64\debug\sdl_bmp.o
c:\users\sansk\source\repos\sdl4droid\sdl2\arm64\debug\sdl_clipboard.o
c:\users\sansk\source\repos\sdl4droid\sdl2\arm64\debug\sdl_egl.o
c:\users\sansk\source\repos\sdl4droid\sdl2\arm64\debug\sdl_fillrect.o
c:\users\sansk\source\repos\sdl4droid\sdl2\arm64\debug\sdl_pixels.o
c:\users\sansk\source\repos\sdl4droid\sdl2\arm64\debug\sdl_rect.o
c:\users\sansk\source\repos\sdl4droid\sdl2\arm64\debug\sdl_rleaccel.o
c:\users\sansk\source\repos\sdl4droid\sdl2\arm64\debug\sdl_shape.o
c:\users\sansk\source\repos\sdl4droid\sdl2\arm64\debug\sdl_stretch.o
c:\users\sansk\source\repos\sdl4droid\sdl2\arm64\debug\sdl_surface.o
c:\users\sansk\source\repos\sdl4droid\sdl2\arm64\debug\sdl_video.o
c:\users\sansk\source\repos\sdl4droid\sdl2\arm64\debug\sdl_vulkan_utils.o
c:\users\sansk\source\repos\sdl4droid\sdl2\arm64\debug\sdl_yuv.o
c:\users\sansk\source\repos\sdl4droid\sdl2\arm64\debug\yuv_rgb.o
c:\users\sansk\source\repos\sdl4droid\sdl2\arm64\debug\lapi.o
c:\users\sansk\source\repos\sdl4droid\sdl2\arm64\debug\lauxlib.o
c:\users\sansk\source\repos\sdl4droid\sdl2\arm64\debug\lbaselib.o
c:\users\sansk\source\repos\sdl4droid\sdl2\arm64\debug\lcode.o
c:\users\sansk\source\repos\sdl4droid\sdl2\arm64\debug\lcorolib.o
c:\users\sansk\source\repos\sdl4droid\sdl2\arm64\debug\lctype.o
c:\users\sansk\source\repos\sdl4droid\sdl2\arm64\debug\ldblib.o
c:\users\sansk\source\repos\sdl4droid\sdl2\arm64\debug\ldebug.o
c:\users\sansk\source\repos\sdl4droid\sdl2\arm64\debug\ldo.o
c:\users\sansk\source\repos\sdl4droid\sdl2\arm64\debug\ldump.o
c:\users\sansk\source\repos\sdl4droid\sdl2\arm64\debug\lfunc.o
c:\users\sansk\source\repos\sdl4droid\sdl2\arm64\debug\lgc.o
c:\users\sansk\source\repos\sdl4droid\sdl2\arm64\debug\linit.o
c:\users\sansk\source\repos\sdl4droid\sdl2\arm64\debug\liolib.o
c:\users\sansk\source\repos\sdl4droid\sdl2\arm64\debug\llex.o
c:\users\sansk\source\repos\sdl4droid\sdl2\arm64\debug\lmathlib.o
c:\users\sansk\source\repos\sdl4droid\sdl2\arm64\debug\lmem.o
c:\users\sansk\source\repos\sdl4droid\sdl2\arm64\debug\loadlib.o
c:\users\sansk\source\repos\sdl4droid\sdl2\arm64\debug\lobject.o
c:\users\sansk\source\repos\sdl4droid\sdl2\arm64\debug\lopcodes.o
c:\users\sansk\source\repos\sdl4droid\sdl2\arm64\debug\loslib.o
c:\users\sansk\source\repos\sdl4droid\sdl2\arm64\debug\lparser.o
c:\users\sansk\source\repos\sdl4droid\sdl2\arm64\debug\lstate.o
c:\users\sansk\source\repos\sdl4droid\sdl2\arm64\debug\lstring.o
c:\users\sansk\source\repos\sdl4droid\sdl2\arm64\debug\lstrlib.o
c:\users\sansk\source\repos\sdl4droid\sdl2\arm64\debug\ltable.o
c:\users\sansk\source\repos\sdl4droid\sdl2\arm64\debug\ltablib.o
c:\users\sansk\source\repos\sdl4droid\sdl2\arm64\debug\ltm.o
c:\users\sansk\source\repos\sdl4droid\sdl2\arm64\debug\lua.o
c:\users\sansk\source\repos\sdl4droid\sdl2\arm64\debug\luac.o
c:\users\sansk\source\repos\sdl4droid\sdl2\arm64\debug\lundump.o
c:\users\sansk\source\repos\sdl4droid\sdl2\arm64\debug\lutf8lib.o
c:\users\sansk\source\repos\sdl4droid\sdl2\arm64\debug\lvm.o
c:\users\sansk\source\repos\sdl4droid\sdl2\arm64\debug\lzio.o
c:\users\sansk\source\repos\sdl4droid\sdl2\arm64\debug\libsdl2.so
c:\users\sansk\source\repos\sdl4droid\arm64\debug\libsdl2.so.recipe
c:\users\sansk\source\repos\sdl4droid\arm64\debug\libsdl2.so
c:\users\sansk\source\repos\sdl4droid\sdl2\arm64\debug\sdl2.tlog\cl.items.tlog
c:\users\sansk\source\repos\sdl4droid\sdl2\arm64\debug\sdl2.tlog\clang.command.1.tlog
c:\users\sansk\source\repos\sdl4droid\sdl2\arm64\debug\sdl2.tlog\microsoft.build.cpptasks.clangcompile.read.1.tlog
c:\users\sansk\source\repos\sdl4droid\sdl2\arm64\debug\sdl2.tlog\microsoft.build.cpptasks.clangcompile.write.1.tlog
c:\users\sansk\source\repos\sdl4droid\sdl2\arm64\debug\sdl2.tlog\microsoft.build.cpptasks.clanglink.read.1.tlog
c:\users\sansk\source\repos\sdl4droid\sdl2\arm64\debug\sdl2.tlog\microsoft.build.cpptasks.clanglink.write.1.tlog
c:\users\sansk\source\repos\sdl4droid\sdl2\arm64\debug\sdl2.tlog\sdl2.write.1u.tlog
