  ANDROID_HOME=C:\Program Files (x86)\Android\android-sdk
  ANDROID_SDK_ROOT=C:\Program Files (x86)\Android\android-sdk
  ANT_HOME=
  JAVA_HOME=C:\Users\sansk\.jdks\corretto-18.0.2
  NDK_ROOT=C:\\Microsoft\AndroidNDK\android-ndk-r23c
  cpu-features.c
  SDL_atomic.c
  SDL_spinlock.c
  SDL_aaudio.c
  SDL_androidaudio.c
  SDL_dummyaudio.c
  SDL_openslES.c
src\audio\openslES\SDL_openslES.c(140,14): warning : 'slCreateEngine' is deprecated: first deprecated in Android 30 [-Wdeprecated-declarations]
      result = slCreateEngine(&engineObject, 0, NULL, 0, NULL, NULL);
               ^
  C:\\Microsoft\AndroidNDK\android-ndk-r23c\toolchains\llvm\prebuilt\windows-x86_64\sysroot\usr\include\SLES/OpenSLES.h(2752,28): note: 'slCreateEngine' has been explicitly marked deprecated here
  SL_API SLresult SLAPIENTRY slCreateEngine(
                             ^
  1 warning generated.
  SDL_audio.c
  SDL_audiocvt.c
  SDL_audiodev.c
  SDL_audiotypecvt.c
  SDL_mixer.c
  SDL_wave.c
  SDL_android.c
  SDL_cpuinfo.c
  SDL_dynapi.c
  imKStoUCS.c
  SDL_clipboardevents.c
  SDL_displayevents.c
  SDL_dropevents.c
  SDL_events.c
  SDL_gesture.c
  SDL_keyboard.c
  SDL_keysym_to_scancode.c
  SDL_mouse.c
  SDL_quit.c
  SDL_scancode_tables.c
  SDL_touch.c
  SDL_windowevents.c
  SDL_sysfilesystem.c
  SDL_rwops.c
  SDL_syshaptic.c
  SDL_haptic.c
  hid.cpp
  SDL_hidapi.c
  SDL_sysjoystick.c
  controller_type.c
  SDL_hidapijoystick.c
  SDL_hidapi_combined.c
  SDL_hidapi_gamecube.c
  SDL_hidapi_luna.c
  SDL_hidapi_ps3.c
  SDL_hidapi_ps4.c
  SDL_hidapi_ps5.c
  SDL_hidapi_rumble.c
  SDL_hidapi_shield.c
  SDL_hidapi_stadia.c
  SDL_hidapi_steam.c
  SDL_hidapi_switch.c
  SDL_hidapi_wii.c
  SDL_hidapi_xbox360.c
  SDL_hidapi_xbox360w.c
  SDL_hidapi_xboxone.c
  SDL_gamecontroller.c
  SDL_joystick.c
  SDL_virtualjoystick.c
  SDL_sysloadso.c
  SDL_syslocale.c
  SDL_locale.c
  SDL_sysurl.c
  SDL_url.c
  SDL_syspower.c
  SDL_power.c
  SDL_render_d3d11.c
  SDL_render_winrt.cpp
  SDL_shaders_d3d11.c
  SDL_render_d3d12.c
  SDL_render_d3d12_xbox.cpp
  SDL_shaders_d3d12.c
  SDL_shaders_d3d12_xboxone.cpp
  SDL_shaders_d3d12_xboxseries.cpp
  SDL_render_d3d.c
  SDL_shaders_d3d.c
  SDL_render_gles2.c
  SDL_shaders_gles2.c
  SDL_render_gles.c
  SDL_render_gl.c
  SDL_shaders_gl.c
  SDL_render_ps2.c
  SDL_render_psp.c
  SDL_d3dmath.c
  SDL_render.c
  SDL_yuv_sw.c
  SDL_blendfillrect.c
  SDL_blendline.c
  SDL_blendpoint.c
  SDL_drawline.c
  SDL_drawpoint.c
  SDL_render_sw.c
  SDL_rotate.c
  SDL_triangle.c
  SDL_render_vita_gxm.c
  SDL_render_vita_gxm_memory.c
  SDL_render_vita_gxm_tools.c
  SDL.c
  SDL_assert.c
  SDL_dataqueue.c
  SDL_error.c
  SDL_guid.c
  SDL_hints.c
  SDL_list.c
  SDL_log.c
  SDL_utils.c
  SDL_androidsensor.c
src\sensor\android\SDL_androidsensor.c(56,26): warning : 'ASensorManager_getInstance' is deprecated: first deprecated in Android 26 [-Wdeprecated-declarations]
      SDL_sensor_manager = ASensorManager_getInstance();
                           ^
  C:\\Microsoft\AndroidNDK\android-ndk-r23c\toolchains\llvm\prebuilt\windows-x86_64\sysroot\usr\include\android/sensor.h(579,17): note: 'ASensorManager_getInstance' has been explicitly marked deprecated here
  ASensorManager* ASensorManager_getInstance() __DEPRECATED_IN(26);
                  ^
  1 warning generated.
  SDL_sensor.c
  SDL_crc16.c
  SDL_crc32.c
  SDL_getenv.c
  SDL_iconv.c
  SDL_malloc.c
  SDL_mslibc.c
  SDL_qsort.c
  SDL_stdlib.c
  SDL_string.c
  SDL_strtokr.c
  SDL_test_assert.c
  SDL_test_common.c
  SDL_test_compare.c
  SDL_test_crc32.c
  SDL_test_font.c
  SDL_test_fuzzer.c
  SDL_test_harness.c
  SDL_test_imageBlit.c
  SDL_test_imageBlitBlend.c
  SDL_test_imageFace.c
  SDL_test_imagePrimitives.c
  SDL_test_imagePrimitivesBlend.c
  SDL_test_log.c
  SDL_test_md5.c
  SDL_test_memory.c
  SDL_test_random.c
  SDL_syscond.c
  SDL_sysmutex.c
  SDL_syssem.c
  SDL_systhread.c
  SDL_systls.c
  SDL_thread.c
  SDL_timer.c
  SDL_systimer.c
  SDL_androidclipboard.c
  SDL_androidevents.c
  SDL_androidgl.c
  SDL_androidkeyboard.c
  SDL_androidmessagebox.c
  SDL_androidmouse.c
  SDL_androidtouch.c
  SDL_androidvideo.c
  SDL_androidvulkan.c
  SDL_androidwindow.c
  SDL_blit.c
  SDL_blit_0.c
  SDL_blit_1.c
  SDL_blit_A.c
  SDL_blit_auto.c
  SDL_blit_copy.c
  SDL_blit_N.c
  SDL_blit_slow.c
  SDL_bmp.c
  SDL_clipboard.c
  SDL_egl.c
  SDL_fillrect.c
  SDL_pixels.c
  SDL_rect.c
  SDL_RLEaccel.c
  SDL_shape.c
  SDL_stretch.c
  SDL_surface.c
  SDL_video.c
  SDL_vulkan_utils.c
  SDL_yuv.c
  yuv_rgb.c
  SDL2.vcxproj -> C:\Users\sansk\OneDrive\Desktop\Project\jkrengine\ANDROID\SDL4droid\ARM64\Debug\libSDL2.so
