c:\users\sansk\source\repos\sdl4droid\arm64\debug\liblua54.so.recipe
c:\users\sansk\source\repos\sdl4droid\lua54\arm64\debug\lapi.o
c:\users\sansk\source\repos\sdl4droid\lua54\arm64\debug\lauxlib.o
c:\users\sansk\source\repos\sdl4droid\lua54\arm64\debug\lbaselib.o
c:\users\sansk\source\repos\sdl4droid\lua54\arm64\debug\lcode.o
c:\users\sansk\source\repos\sdl4droid\lua54\arm64\debug\lcorolib.o
c:\users\sansk\source\repos\sdl4droid\lua54\arm64\debug\lctype.o
c:\users\sansk\source\repos\sdl4droid\lua54\arm64\debug\ldblib.o
c:\users\sansk\source\repos\sdl4droid\lua54\arm64\debug\ldebug.o
c:\users\sansk\source\repos\sdl4droid\lua54\arm64\debug\ldo.o
c:\users\sansk\source\repos\sdl4droid\lua54\arm64\debug\ldump.o
c:\users\sansk\source\repos\sdl4droid\lua54\arm64\debug\lfunc.o
c:\users\sansk\source\repos\sdl4droid\lua54\arm64\debug\lgc.o
c:\users\sansk\source\repos\sdl4droid\lua54\arm64\debug\linit.o
c:\users\sansk\source\repos\sdl4droid\lua54\arm64\debug\liolib.o
c:\users\sansk\source\repos\sdl4droid\lua54\arm64\debug\llex.o
c:\users\sansk\source\repos\sdl4droid\lua54\arm64\debug\lmathlib.o
c:\users\sansk\source\repos\sdl4droid\lua54\arm64\debug\lmem.o
c:\users\sansk\source\repos\sdl4droid\lua54\arm64\debug\loadlib.o
c:\users\sansk\source\repos\sdl4droid\lua54\arm64\debug\lobject.o
c:\users\sansk\source\repos\sdl4droid\lua54\arm64\debug\lopcodes.o
c:\users\sansk\source\repos\sdl4droid\lua54\arm64\debug\loslib.o
c:\users\sansk\source\repos\sdl4droid\lua54\arm64\debug\lparser.o
c:\users\sansk\source\repos\sdl4droid\lua54\arm64\debug\lstate.o
c:\users\sansk\source\repos\sdl4droid\lua54\arm64\debug\lstring.o
c:\users\sansk\source\repos\sdl4droid\lua54\arm64\debug\lstrlib.o
c:\users\sansk\source\repos\sdl4droid\lua54\arm64\debug\ltable.o
c:\users\sansk\source\repos\sdl4droid\lua54\arm64\debug\ltablib.o
c:\users\sansk\source\repos\sdl4droid\lua54\arm64\debug\ltm.o
c:\users\sansk\source\repos\sdl4droid\lua54\arm64\debug\luac.o
c:\users\sansk\source\repos\sdl4droid\lua54\arm64\debug\lundump.o
c:\users\sansk\source\repos\sdl4droid\lua54\arm64\debug\lutf8lib.o
c:\users\sansk\source\repos\sdl4droid\lua54\arm64\debug\lvm.o
c:\users\sansk\source\repos\sdl4droid\lua54\arm64\debug\lzio.o
c:\users\sansk\source\repos\sdl4droid\lua54\arm64\debug\lua.o
c:\users\sansk\source\repos\sdl4droid\lua54\arm64\debug\liblua54.so
c:\users\sansk\source\repos\sdl4droid\arm64\debug\liblua54.so
c:\users\sansk\source\repos\sdl4droid\lua54\arm64\debug\lua54.tlog\cl.items.tlog
c:\users\sansk\source\repos\sdl4droid\lua54\arm64\debug\lua54.tlog\clang.command.1.tlog
c:\users\sansk\source\repos\sdl4droid\lua54\arm64\debug\lua54.tlog\lua54.write.1u.tlog
c:\users\sansk\source\repos\sdl4droid\lua54\arm64\debug\lua54.tlog\microsoft.build.cpptasks.clangcompile.read.1.tlog
c:\users\sansk\source\repos\sdl4droid\lua54\arm64\debug\lua54.tlog\microsoft.build.cpptasks.clangcompile.write.1.tlog
c:\users\sansk\source\repos\sdl4droid\lua54\arm64\debug\lua54.tlog\microsoft.build.cpptasks.clanglink.read.1.tlog
c:\users\sansk\source\repos\sdl4droid\lua54\arm64\debug\lua54.tlog\microsoft.build.cpptasks.clanglink.write.1.tlog
